<?xml version="1.0" encoding="UTF-8"?>
<testsuite name="SignUpTests" tests="2" skipped="1" failures="1" errors="0" timestamp="2019-12-22T01:17:40" hostname="Almass-MacBook-Pro.local" time="0.522">
  <properties/>
  <testcase name="beforeMethodSetup" classname="SignUpTests" time="0.518">
    <failure message="org.openqa.selenium.SessionNotCreatedException: Unable to find provider for session: Capabilities {acceptInsecureCerts: true, browserName: firefox, version: }, Capabilities {acceptInsecureCerts: true, browserName: firefox}&#10;Build info: version: '4.0.0-alpha-3', revision: '8c567de6dc'&#10;System info: host: 'Almass-MacBook-Pro.local', ip: 'fe80:0:0:0:433:cde5:153a:d04d%en0', os.name: 'Mac OS X', os.arch: 'x86_64', os.version: '10.15.2', java.version: '11.0.5'&#10;Driver info: driver.version: unknown&#10;Build info: version: '3.141.59', revision: 'e82be7d358', time: '2018-11-14T08:17:03'&#10;System info: host: 'Almass-MBP.fios-router.home', ip: 'fe80:0:0:0:433:cde5:153a:d04d%en0', os.name: 'Mac OS X', os.arch: 'x86_64', os.version: '10.15.2', java.version: '11.0.4'&#10;Driver info: driver.version: RemoteWebDriver&#10;remote stacktrace: org.openqa.selenium.SessionNotCreatedException: Unable to find provider for session: Capabilities {acceptInsecureCerts: true, browserName: firefox, version: }, Capabilities {acceptInsecureCerts: true, browserName: firefox}&#10;Build info: version: '4.0.0-alpha-3', revision: '8c567de6dc'&#10;System info: host: 'Almass-MacBook-Pro.local', ip: 'fe80:0:0:0:433:cde5:153a:d04d%en0', os.name: 'Mac OS X', os.arch: 'x86_64', os.version: '10.15.2', java.version: '11.0.5'&#10;Driver info: driver.version: unknown&#10;&#9;at org.openqa.selenium.grid.distributor.local.LocalDistributor.lambda$newSession$4(LocalDistributor.java:145)&#10;&#9;at java.base/java.util.Optional.orElseThrow(Optional.java:408)&#10;&#9;at org.openqa.selenium.grid.distributor.local.LocalDistributor.newSession(LocalDistributor.java:141)&#10;&#9;at org.openqa.selenium.grid.distributor.Distributor.lambda$new$0(Distributor.java:85)&#10;&#9;at org.openqa.selenium.remote.http.Route$TemplatizedRoute.handle(Route.java:189)&#10;&#9;at org.openqa.selenium.remote.http.Route.execute(Route.java:68)&#10;&#9;at org.openqa.selenium.remote.http.Route$CombinedRoute.handle(Route.java:301)&#10;&#9;at org.openqa.selenium.remote.http.Route.execute(Route.java:68)&#10;&#9;at org.openqa.selenium.grid.distributor.Distributor.execute(Distributor.java:119)&#10;&#9;at org.openqa.selenium.remote.http.Route$CombinedRoute.handle(Route.java:301)&#10;&#9;at org.openqa.selenium.remote.http.Route.execute(Route.java:68)&#10;&#9;at org.openqa.selenium.grid.router.Router.execute(Router.java:61)&#10;&#9;at org.openqa.selenium.grid.server.AddWebDriverSpecHeaders.lambda$apply$0(AddWebDriverSpecHeaders.java:30)&#10;&#9;at org.openqa.selenium.grid.server.WrapExceptions.lambda$apply$0(WrapExceptions.java:38)&#10;&#9;at org.openqa.selenium.remote.http.Filter.lambda$andFinally$1(Filter.java:55)&#10;&#9;at org.openqa.selenium.grid.server.JeeInterop.execute(JeeInterop.java:55)&#10;&#9;at org.openqa.selenium.grid.server.HttpHandlerServlet.service(HttpHandlerServlet.java:39)&#10;&#9;at javax.servlet.http.HttpServlet.service(HttpServlet.java:790)&#10;&#9;at org.eclipse.jetty.servlet.ServletHolder.handle(ServletHolder.java:876)&#10;&#9;at org.eclipse.jetty.servlet.ServletHandler.doHandle(ServletHandler.java:542)&#10;&#9;at org.eclipse.jetty.server.handler.ScopedHandler.handle(ScopedHandler.java:146)&#10;&#9;at org.eclipse.jetty.security.SecurityHandler.handle(SecurityHandler.java:548)&#10;&#9;at org.eclipse.jetty.server.handler.HandlerWrapper.handle(HandlerWrapper.java:132)&#10;&#9;at org.eclipse.jetty.server.handler.ScopedHandler.nextHandle(ScopedHandler.java:257)&#10;&#9;at org.eclipse.jetty.server.handler.ContextHandler.doHandle(ContextHandler.java:1347)&#10;&#9;at org.eclipse.jetty.server.handler.ScopedHandler.nextScope(ScopedHandler.java:203)&#10;&#9;at org.eclipse.jetty.servlet.ServletHandler.doScope(ServletHandler.java:480)&#10;&#9;at org.eclipse.jetty.server.handler.ScopedHandler.nextScope(ScopedHandler.java:201)&#10;&#9;at org.eclipse.jetty.server.handler.ContextHandler.doScope(ContextHandler.java:1249)&#10;&#9;at org.eclipse.jetty.server.handler.ScopedHandler.handle(ScopedHandler.java:144)&#10;&#9;at org.eclipse.jetty.server.handler.HandlerWrapper.handle(HandlerWrapper.java:132)&#10;&#9;at org.eclipse.jetty.server.Server.handle(Server.java:505)&#10;&#9;at org.eclipse.jetty.server.HttpChannel.handle(HttpChannel.java:370)&#10;&#9;at org.eclipse.jetty.server.HttpConnection.onFillable(HttpConnection.java:267)&#10;&#9;at org.eclipse.jetty.io.AbstractConnection$ReadCallback.succeeded(AbstractConnection.java:305)&#10;&#9;at org.eclipse.jetty.io.FillInterest.fillable(FillInterest.java:103)&#10;&#9;at org.eclipse.jetty.io.ChannelEndPoint$2.run(ChannelEndPoint.java:117)&#10;&#9;at org.eclipse.jetty.util.thread.strategy.EatWhatYouKill.runTask(EatWhatYouKill.java:333)&#10;&#9;at org.eclipse.jetty.util.thread.strategy.EatWhatYouKill.doProduce(EatWhatYouKill.java:310)&#10;&#9;at org.eclipse.jetty.util.thread.strategy.EatWhatYouKill.tryProduce(EatWhatYouKill.java:168)&#10;&#9;at org.eclipse.jetty.util.thread.strategy.EatWhatYouKill.run(EatWhatYouKill.java:126)&#10;&#9;at org.eclipse.jetty.util.thread.ReservedThreadExecutor$ReservedThread.run(ReservedThreadExecutor.java:366)&#10;&#9;at org.eclipse.jetty.util.thread.QueuedThreadPool.runJob(QueuedThreadPool.java:781)&#10;&#9;at org.eclipse.jetty.util.thread.QueuedThreadPool$Runner.run(QueuedThreadPool.java:917)&#10;&#9;at java.base/java.lang.Thread.run(Thread.java:834)&#10;" type="org.openqa.selenium.SessionNotCreatedException">org.openqa.selenium.SessionNotCreatedException: Unable to find provider for session: Capabilities {acceptInsecureCerts: true, browserName: firefox, version: }, Capabilities {acceptInsecureCerts: true, browserName: firefox}
Build info: version: '4.0.0-alpha-3', revision: '8c567de6dc'
System info: host: 'Almass-MacBook-Pro.local', ip: 'fe80:0:0:0:433:cde5:153a:d04d%en0', os.name: 'Mac OS X', os.arch: 'x86_64', os.version: '10.15.2', java.version: '11.0.5'
Driver info: driver.version: unknown
Build info: version: '3.141.59', revision: 'e82be7d358', time: '2018-11-14T08:17:03'
System info: host: 'Almass-MBP.fios-router.home', ip: 'fe80:0:0:0:433:cde5:153a:d04d%en0', os.name: 'Mac OS X', os.arch: 'x86_64', os.version: '10.15.2', java.version: '11.0.4'
Driver info: driver.version: RemoteWebDriver
remote stacktrace: org.openqa.selenium.SessionNotCreatedException: Unable to find provider for session: Capabilities {acceptInsecureCerts: true, browserName: firefox, version: }, Capabilities {acceptInsecureCerts: true, browserName: firefox}
Build info: version: '4.0.0-alpha-3', revision: '8c567de6dc'
System info: host: 'Almass-MacBook-Pro.local', ip: 'fe80:0:0:0:433:cde5:153a:d04d%en0', os.name: 'Mac OS X', os.arch: 'x86_64', os.version: '10.15.2', java.version: '11.0.5'
Driver info: driver.version: unknown
	at org.openqa.selenium.grid.distributor.local.LocalDistributor.lambda$newSession$4(LocalDistributor.java:145)
	at java.base/java.util.Optional.orElseThrow(Optional.java:408)
	at org.openqa.selenium.grid.distributor.local.LocalDistributor.newSession(LocalDistributor.java:141)
	at org.openqa.selenium.grid.distributor.Distributor.lambda$new$0(Distributor.java:85)
	at org.openqa.selenium.remote.http.Route$TemplatizedRoute.handle(Route.java:189)
	at org.openqa.selenium.remote.http.Route.execute(Route.java:68)
	at org.openqa.selenium.remote.http.Route$CombinedRoute.handle(Route.java:301)
	at org.openqa.selenium.remote.http.Route.execute(Route.java:68)
	at org.openqa.selenium.grid.distributor.Distributor.execute(Distributor.java:119)
	at org.openqa.selenium.remote.http.Route$CombinedRoute.handle(Route.java:301)
	at org.openqa.selenium.remote.http.Route.execute(Route.java:68)
	at org.openqa.selenium.grid.router.Router.execute(Router.java:61)
	at org.openqa.selenium.grid.server.AddWebDriverSpecHeaders.lambda$apply$0(AddWebDriverSpecHeaders.java:30)
	at org.openqa.selenium.grid.server.WrapExceptions.lambda$apply$0(WrapExceptions.java:38)
	at org.openqa.selenium.remote.http.Filter.lambda$andFinally$1(Filter.java:55)
	at org.openqa.selenium.grid.server.JeeInterop.execute(JeeInterop.java:55)
	at org.openqa.selenium.grid.server.HttpHandlerServlet.service(HttpHandlerServlet.java:39)
	at javax.servlet.http.HttpServlet.service(HttpServlet.java:790)
	at org.eclipse.jetty.servlet.ServletHolder.handle(ServletHolder.java:876)
	at org.eclipse.jetty.servlet.ServletHandler.doHandle(ServletHandler.java:542)
	at org.eclipse.jetty.server.handler.ScopedHandler.handle(ScopedHandler.java:146)
	at org.eclipse.jetty.security.SecurityHandler.handle(SecurityHandler.java:548)
	at org.eclipse.jetty.server.handler.HandlerWrapper.handle(HandlerWrapper.java:132)
	at org.eclipse.jetty.server.handler.ScopedHandler.nextHandle(ScopedHandler.java:257)
	at org.eclipse.jetty.server.handler.ContextHandler.doHandle(ContextHandler.java:1347)
	at org.eclipse.jetty.server.handler.ScopedHandler.nextScope(ScopedHandler.java:203)
	at org.eclipse.jetty.servlet.ServletHandler.doScope(ServletHandler.java:480)
	at org.eclipse.jetty.server.handler.ScopedHandler.nextScope(ScopedHandler.java:201)
	at org.eclipse.jetty.server.handler.ContextHandler.doScope(ContextHandler.java:1249)
	at org.eclipse.jetty.server.handler.ScopedHandler.handle(ScopedHandler.java:144)
	at org.eclipse.jetty.server.handler.HandlerWrapper.handle(HandlerWrapper.java:132)
	at org.eclipse.jetty.server.Server.handle(Server.java:505)
	at org.eclipse.jetty.server.HttpChannel.handle(HttpChannel.java:370)
	at org.eclipse.jetty.server.HttpConnection.onFillable(HttpConnection.java:267)
	at org.eclipse.jetty.io.AbstractConnection$ReadCallback.succeeded(AbstractConnection.java:305)
	at org.eclipse.jetty.io.FillInterest.fillable(FillInterest.java:103)
	at org.eclipse.jetty.io.ChannelEndPoint$2.run(ChannelEndPoint.java:117)
	at org.eclipse.jetty.util.thread.strategy.EatWhatYouKill.runTask(EatWhatYouKill.java:333)
	at org.eclipse.jetty.util.thread.strategy.EatWhatYouKill.doProduce(EatWhatYouKill.java:310)
	at org.eclipse.jetty.util.thread.strategy.EatWhatYouKill.tryProduce(EatWhatYouKill.java:168)
	at org.eclipse.jetty.util.thread.strategy.EatWhatYouKill.run(EatWhatYouKill.java:126)
	at org.eclipse.jetty.util.thread.ReservedThreadExecutor$ReservedThread.run(ReservedThreadExecutor.java:366)
	at org.eclipse.jetty.util.thread.QueuedThreadPool.runJob(QueuedThreadPool.java:781)
	at org.eclipse.jetty.util.thread.QueuedThreadPool$Runner.run(QueuedThreadPool.java:917)
	at java.base/java.lang.Thread.run(Thread.java:834)

	at java.base/jdk.internal.reflect.NativeConstructorAccessorImpl.newInstance0(Native Method)
	at java.base/jdk.internal.reflect.NativeConstructorAccessorImpl.newInstance(NativeConstructorAccessorImpl.java:62)
	at java.base/jdk.internal.reflect.DelegatingConstructorAccessorImpl.newInstance(DelegatingConstructorAccessorImpl.java:45)
	at java.base/java.lang.reflect.Constructor.newInstance(Constructor.java:490)
	at org.openqa.selenium.remote.W3CHandshakeResponse.lambda$errorHandler$0(W3CHandshakeResponse.java:62)
	at org.openqa.selenium.remote.HandshakeResponse.lambda$getResponseFunction$0(HandshakeResponse.java:30)
	at org.openqa.selenium.remote.ProtocolHandshake.lambda$createSession$0(ProtocolHandshake.java:126)
	at java.base/java.util.stream.ReferencePipeline$3$1.accept(ReferencePipeline.java:195)
	at java.base/java.util.Spliterators$ArraySpliterator.tryAdvance(Spliterators.java:958)
	at java.base/java.util.stream.ReferencePipeline.forEachWithCancel(ReferencePipeline.java:127)
	at java.base/java.util.stream.AbstractPipeline.copyIntoWithCancel(AbstractPipeline.java:502)
	at java.base/java.util.stream.AbstractPipeline.copyInto(AbstractPipeline.java:488)
	at java.base/java.util.stream.AbstractPipeline.wrapAndCopyInto(AbstractPipeline.java:474)
	at java.base/java.util.stream.FindOps$FindOp.evaluateSequential(FindOps.java:150)
	at java.base/java.util.stream.AbstractPipeline.evaluate(AbstractPipeline.java:234)
	at java.base/java.util.stream.ReferencePipeline.findFirst(ReferencePipeline.java:543)
	at org.openqa.selenium.remote.ProtocolHandshake.createSession(ProtocolHandshake.java:128)
	at org.openqa.selenium.remote.ProtocolHandshake.createSession(ProtocolHandshake.java:74)
	at org.openqa.selenium.remote.HttpCommandExecutor.execute(HttpCommandExecutor.java:136)
	at org.openqa.selenium.remote.RemoteWebDriver.execute(RemoteWebDriver.java:552)
	at org.openqa.selenium.remote.RemoteWebDriver.startSession(RemoteWebDriver.java:213)
	at org.openqa.selenium.remote.RemoteWebDriver.&lt;init&gt;(RemoteWebDriver.java:131)
	at org.openqa.selenium.remote.RemoteWebDriver.&lt;init&gt;(RemoteWebDriver.java:144)
	at BaseTest.beforeMethodSetup(BaseTest.java:22)
	at java.base/jdk.internal.reflect.NativeMethodAccessorImpl.invoke0(Native Method)
	at java.base/jdk.internal.reflect.NativeMethodAccessorImpl.invoke(NativeMethodAccessorImpl.java:62)
	at java.base/jdk.internal.reflect.DelegatingMethodAccessorImpl.invoke(DelegatingMethodAccessorImpl.java:43)
	at java.base/java.lang.reflect.Method.invoke(Method.java:566)
	at org.testng.internal.MethodInvocationHelper.invokeMethod(MethodInvocationHelper.java:133)
	at org.testng.internal.MethodInvocationHelper.invokeMethodConsideringTimeout(MethodInvocationHelper.java:62)
	at org.testng.internal.ConfigInvoker.invokeConfigurationMethod(ConfigInvoker.java:340)
	at org.testng.internal.ConfigInvoker.invokeConfigurations(ConfigInvoker.java:294)
	at org.testng.internal.TestInvoker.runConfigMethods(TestInvoker.java:683)
	at org.testng.internal.TestInvoker.invokeMethod(TestInvoker.java:510)
	at org.testng.internal.TestInvoker.invokeTestMethod(TestInvoker.java:172)
	at org.testng.internal.MethodRunner.runInSequence(MethodRunner.java:46)
	at org.testng.internal.TestInvoker$MethodInvocationAgent.invoke(TestInvoker.java:804)
	at org.testng.internal.TestInvoker.invokeTestMethods(TestInvoker.java:145)
	at org.testng.internal.TestMethodWorker.invokeTestMethods(TestMethodWorker.java:146)
	at org.testng.internal.TestMethodWorker.run(TestMethodWorker.java:128)
	at java.base/java.util.ArrayList.forEach(ArrayList.java:1540)
	at org.testng.TestRunner.privateRun(TestRunner.java:770)
	at org.testng.TestRunner.run(TestRunner.java:591)
	at org.testng.SuiteRunner.runTest(SuiteRunner.java:402)
	at org.testng.SuiteRunner.runSequentially(SuiteRunner.java:396)
	at org.testng.SuiteRunner.privateRun(SuiteRunner.java:355)
	at org.testng.SuiteRunner.run(SuiteRunner.java:304)
	at org.testng.SuiteRunnerWorker.runSuite(SuiteRunnerWorker.java:53)
	at org.testng.SuiteRunnerWorker.run(SuiteRunnerWorker.java:96)
	at org.testng.TestNG.runSuitesSequentially(TestNG.java:1180)
	at org.testng.TestNG.runSuitesLocally(TestNG.java:1102)
	at org.testng.TestNG.runSuites(TestNG.java:1032)
	at org.testng.TestNG.run(TestNG.java:1000)
	at org.gradle.api.internal.tasks.testing.testng.TestNGTestClassProcessor.runTests(TestNGTestClassProcessor.java:141)
	at org.gradle.api.internal.tasks.testing.testng.TestNGTestClassProcessor.stop(TestNGTestClassProcessor.java:90)
	at org.gradle.api.internal.tasks.testing.SuiteTestClassProcessor.stop(SuiteTestClassProcessor.java:61)
	at java.base/jdk.internal.reflect.NativeMethodAccessorImpl.invoke0(Native Method)
	at java.base/jdk.internal.reflect.NativeMethodAccessorImpl.invoke(NativeMethodAccessorImpl.java:62)
	at java.base/jdk.internal.reflect.DelegatingMethodAccessorImpl.invoke(DelegatingMethodAccessorImpl.java:43)
	at java.base/java.lang.reflect.Method.invoke(Method.java:566)
	at org.gradle.internal.dispatch.ReflectionDispatch.dispatch(ReflectionDispatch.java:35)
	at org.gradle.internal.dispatch.ReflectionDispatch.dispatch(ReflectionDispatch.java:24)
	at org.gradle.internal.dispatch.ContextClassLoaderDispatch.dispatch(ContextClassLoaderDispatch.java:32)
	at org.gradle.internal.dispatch.ProxyDispatchAdapter$DispatchingInvocationHandler.invoke(ProxyDispatchAdapter.java:93)
	at com.sun.proxy.$Proxy2.stop(Unknown Source)
	at org.gradle.api.internal.tasks.testing.worker.TestWorker.stop(TestWorker.java:132)
	at java.base/jdk.internal.reflect.NativeMethodAccessorImpl.invoke0(Native Method)
	at java.base/jdk.internal.reflect.NativeMethodAccessorImpl.invoke(NativeMethodAccessorImpl.java:62)
	at java.base/jdk.internal.reflect.DelegatingMethodAccessorImpl.invoke(DelegatingMethodAccessorImpl.java:43)
	at java.base/java.lang.reflect.Method.invoke(Method.java:566)
	at org.gradle.internal.dispatch.ReflectionDispatch.dispatch(ReflectionDispatch.java:35)
	at org.gradle.internal.dispatch.ReflectionDispatch.dispatch(ReflectionDispatch.java:24)
	at org.gradle.internal.remote.internal.hub.MessageHubBackedObjectConnection$DispatchWrapper.dispatch(MessageHubBackedObjectConnection.java:175)
	at org.gradle.internal.remote.internal.hub.MessageHubBackedObjectConnection$DispatchWrapper.dispatch(MessageHubBackedObjectConnection.java:157)
	at org.gradle.internal.remote.internal.hub.MessageHub$Handler.run(MessageHub.java:404)
	at org.gradle.internal.concurrent.ExecutorPolicy$CatchAndRecordFailures.onExecute(ExecutorPolicy.java:63)
	at org.gradle.internal.concurrent.ManagedExecutorImpl$1.run(ManagedExecutorImpl.java:46)
	at java.base/java.util.concurrent.ThreadPoolExecutor.runWorker(ThreadPoolExecutor.java:1128)
	at java.base/java.util.concurrent.ThreadPoolExecutor$Worker.run(ThreadPoolExecutor.java:628)
	at org.gradle.internal.concurrent.ThreadFactoryImpl$ManagedThreadRunnable.run(ThreadFactoryImpl.java:55)
	at java.base/java.lang.Thread.run(Thread.java:834)
</failure>
  </testcase>
  <testcase name="signUpSuccess" classname="SignUpTests" time="0.0">
    <skipped/>
  </testcase>
  <system-out><![CDATA[]]></system-out>
  <system-err><![CDATA[Dec 21, 2019 5:17:40 PM org.openqa.selenium.remote.DesiredCapabilities firefox
INFO: Using `new FirefoxOptions()` is preferred to `DesiredCapabilities.firefox()`
]]></system-err>
</testsuite>
