<?xml version="1.0" encoding="UTF-8"?>
<testsuite name="CucumberRunner" tests="3" skipped="3" failures="0" errors="0" timestamp="2019-12-22T01:52:01" hostname="Almass-MBP.fios-router.home" time="7.574">
  <properties/>
  <testcase name="scenario[0](&quot;Existing user sign up&quot;, &quot;Sign up Feature&quot;)" classname="CucumberRunner" time="2.936">
    <skipped/>
  </testcase>
  <testcase name="scenario[1](&quot;Existing user sign up&quot;, &quot;Sign up Feature&quot;)" classname="CucumberRunner" time="2.322">
    <skipped/>
  </testcase>
  <testcase name="scenario[2](&quot;Existing user sign up&quot;, &quot;Sign up Feature&quot;)" classname="CucumberRunner" time="2.313">
    <skipped/>
  </testcase>
  <system-out><![CDATA[]]></system-out>
  <system-err><![CDATA[Starting ChromeDriver 78.0.3904.70 (edb9c9f3de0247fd912a77b7f6cae7447f6d3ad5-refs/branch-heads/3904@{#800}) on port 26433
Only local connections are allowed.
Please protect ports used by ChromeDriver and related test frameworks to prevent access by malicious code.
[1576979522.698][WARNING]: This version of ChromeDriver has not been tested with Chrome version 79.
Dec 21, 2019 5:52:02 PM org.openqa.selenium.remote.ProtocolHandshake createSession
INFO: Detected dialect: W3C
Starting ChromeDriver 78.0.3904.70 (edb9c9f3de0247fd912a77b7f6cae7447f6d3ad5-refs/branch-heads/3904@{#800}) on port 10485
Only local connections are allowed.
Please protect ports used by ChromeDriver and related test frameworks to prevent access by malicious code.
[1576979525.175][WARNING]: This version of ChromeDriver has not been tested with Chrome version 79.
Dec 21, 2019 5:52:05 PM org.openqa.selenium.remote.ProtocolHandshake createSession
INFO: Detected dialect: W3C
Starting ChromeDriver 78.0.3904.70 (edb9c9f3de0247fd912a77b7f6cae7447f6d3ad5-refs/branch-heads/3904@{#800}) on port 26899
Only local connections are allowed.
Please protect ports used by ChromeDriver and related test frameworks to prevent access by malicious code.
[1576979527.473][WARNING]: This version of ChromeDriver has not been tested with Chrome version 79.
Dec 21, 2019 5:52:07 PM org.openqa.selenium.remote.ProtocolHandshake createSession
INFO: Detected dialect: W3C
]]></system-err>
</testsuite>
